Jun 06, 2019 10:57:21 PM Montreal_Server.Montreal_Server main
INFO: Inside the Montreal Server
Jun 06, 2019 10:43:39 PM Montreal_Server.Montreal_Server main
INFO: Inside the Montreal Server
Jun 06, 2019 10:54:46 PM Montreal_Server.Montreal_Server main
INFO: Inside the Montreal Server
Jun 06, 2019 11:20:06 PM Montreal_Server.Montreal_Server main
INFO: Inside the Montreal Server
Jun 06, 2019 11:26:09 PM Montreal_Server.Montreal_Server main
INFO: Inside the Montreal Server
Jun 13, 2019 12:20:41 AM Montreal_Server.Montreal_Server main
INFO: Inside the Montreal Server
Jun 13, 2019 12:23:24 AM Montreal_Server.Montreal_Server main
INFO: Inside the Montreal Server
Jun 13, 2019 12:32:11 AM Montreal_Server.Montreal_Server main
INFO: Inside the Montreal Server
Jun 13, 2019 12:43:42 AM Montreal_Server.Montreal_Server main
INFO: Inside the Montreal Server
Jun 15, 2019 3:31:49 PM Montreal_Server.Montreal_Server main
INFO: Inside the Montreal Server
Jun 15, 2019 3:38:41 PM Montreal_Server.Montreal_Server main
INFO: Inside the Montreal Server
Jun 15, 2019 3:50:34 PM Montreal_Server.Montreal_Server main
INFO: Inside the Montreal Server
Jun 15, 2019 4:07:45 PM Montreal_Server.Montreal_Server main
INFO: Inside the Montreal Server
Jun 15, 2019 4:13:59 PM Montreal_Server.Montreal_Server main
INFO: Inside the Montreal Server
Jun 15, 2019 4:16:08 PM Montreal_Server.Montreal_Server main
INFO: Inside the Montreal Server
Jun 15, 2019 4:18:49 PM Montreal_Server.Montreal_Server main
INFO: Inside the Montreal Server
Jun 15, 2019 4:23:13 PM Montreal_Server.Montreal_Server main
INFO: Inside the Montreal Server
Jun 15, 2019 4:41:04 PM Montreal_Server.Montreal_Server main
INFO: Inside the Montreal Server
Jun 15, 2019 4:48:27 PM Montreal_Server.Montreal_Server main
INFO: Inside the Montreal Server
Jun 15, 2019 4:54:16 PM Montreal_Server.Montreal_Server main
INFO: Inside the Montreal Server
Jun 15, 2019 5:01:28 PM Montreal_Server.Montreal_Server main
INFO: Inside the Montreal Server
Jun 15, 2019 5:18:04 PM Montreal_Server.Montreal_Server main
INFO: Inside the Montreal Server
Jun 15, 2019 5:39:55 PM Montreal_Server.Montreal_Server main
INFO: Inside the Montreal Server
Jun 15, 2019 5:46:58 PM Montreal_Server.Montreal_Server main
INFO: Inside the Montreal Server
Jun 15, 2019 6:00:58 PM Montreal_Server.Montreal_Server main
INFO: Inside the Montreal Server
Jun 15, 2019 6:23:24 PM Montreal_Server.Montreal_Server main
INFO: Inside the Montreal Server
Jun 21, 2019 6:54:32 PM Montreal_Server.Montreal_Server main
INFO: Inside the Montreal Server
Jun 26, 2019 2:35:37 PM Montreal_Server.Montreal_Server main
INFO: Inside the Montreal Server
Jun 26, 2019 2:40:57 PM Montreal_Server.Montreal_Server main
INFO: Inside the Montreal Server
Jun 26, 2019 2:45:52 PM Montreal_Server.Montreal_Server main
INFO: Inside the Montreal Server
Jun 27, 2019 5:13:07 PM Montreal_Server.Montreal_Server main
INFO: Inside the Montreal Server
Jun 27, 2019 5:49:02 PM Montreal_Server.Montreal_Server main
INFO: Inside the Montreal Server
Jun 27, 2019 6:12:32 PM Montreal_Server.Montreal_Server main
INFO: Inside the Montreal Server
Jun 27, 2019 6:52:42 PM Montreal_Server.Montreal_Server main
INFO: Inside the Montreal Server
Jun 27, 2019 7:02:27 PM Montreal_Server.Montreal_Server main
INFO: Inside the Montreal Server
Jun 27, 2019 7:20:14 PM Montreal_Server.Montreal_Server main
INFO: Inside the Montreal Server
Jun 27, 2019 7:28:37 PM Montreal_Server.Montreal_Server main
INFO: Inside the Montreal Server
Jun 27, 2019 7:34:57 PM Montreal_Server.Montreal_Server main
INFO: Inside the Montreal Server
Jun 27, 2019 7:39:58 PM Montreal_Server.Montreal_Server main
INFO: Inside the Montreal Server
Jun 27, 2019 7:45:41 PM Montreal_Server.Montreal_Server main
INFO: Inside the Montreal Server
Jun 27, 2019 9:08:46 PM Montreal_Server.Montreal_Server main
INFO: Inside the Montreal Server
Jun 28, 2019 3:42:36 AM Montreal_Server.Montreal_Server main
INFO: Inside the Montreal Server
Jun 28, 2019 4:06:49 AM Montreal_Server.Montreal_Server main
INFO: Inside the Montreal Server
Jun 28, 2019 1:14:39 PM Montreal_Server.Montreal_Server main
INFO: Inside the Montreal Server
Jun 28, 2019 2:04:32 PM Montreal_Server.Montreal_Server main
INFO: Inside the Montreal Server
Jun 28, 2019 2:08:01 PM Montreal_Server.Montreal_Server main
INFO: Inside the Montreal Server
Jun 28, 2019 5:53:40 PM _ServerPackage.Montreal_Server main
INFO: Inside the Montreal Server
Jun 28, 2019 5:53:40 PM _ServerPackage.Montreal_Class initialize
INFO: Initilize Implementations 
Jun 28, 2019 5:53:40 PM _ServerPackage.Montreal_Class initialize
INFO: Server is initilized.
