Jun 13, 2019 12:27:14 AM Client.EventManagerClient main
INFO: User id entered is MTLM9087
Jun 13, 2019 12:27:14 AM Client.EventManagerClient main
INFO: Entered as a Manager with IDMTLM9087
Jun 13, 2019 12:27:42 AM Client.EventManagerClient main
INFO: Request: Add event for client by manager 
Jun 13, 2019 12:27:47 AM Client.EventManagerClient main
INFO: Parameters :MTLA090619 Conference 2
Jun 13, 2019 12:27:47 AM Client.EventManagerClient main
INFO: Reply event with this eventID and eventType already existed so booking capacity updated.
Jun 13, 2019 12:28:08 AM Client.EventManagerClient main
INFO: Request: Add event for client by manager 
Jun 13, 2019 12:28:10 AM Client.EventManagerClient main
INFO: Parameters :MTLA080619 TradeShow 2
Jun 13, 2019 12:28:10 AM Client.EventManagerClient main
INFO: Reply event with this eventID and eventType already existed so booking capacity updated.
Jun 13, 2019 12:28:36 AM Client.EventManagerClient main
INFO: Request: Add event for client by manager 
Jun 13, 2019 12:28:41 AM Client.EventManagerClient main
INFO: Parameters :MTLE230719 Seminar 1
Jun 13, 2019 12:28:41 AM Client.EventManagerClient main
INFO: Reply event with this eventID and eventType already existed so booking capacity updated.
Jun 13, 2019 12:36:42 AM Client.EventManagerClient main
INFO: User id entered is MTLM9087
Jun 13, 2019 12:36:42 AM Client.EventManagerClient main
INFO: Entered as a Manager with IDMTLM9087
Jun 13, 2019 12:37:00 AM Client.EventManagerClient main
INFO: Request: Add event for client by manager 
Jun 13, 2019 12:37:05 AM Client.EventManagerClient main
INFO: Parameters :MTLA090619 Conference 2
Jun 13, 2019 12:37:05 AM Client.EventManagerClient main
INFO: Reply event with this eventID and eventType already existed so booking capacity updated.
Jun 13, 2019 12:37:23 AM Client.EventManagerClient main
INFO: Request: Add event for client by manager 
Jun 13, 2019 12:37:25 AM Client.EventManagerClient main
INFO: Parameters :MTLA080619 TradeShow 2
Jun 13, 2019 12:37:25 AM Client.EventManagerClient main
INFO: Reply event with this eventID and eventType already existed so booking capacity updated.
Jun 13, 2019 12:37:41 AM Client.EventManagerClient main
INFO: Request: Add event for client by manager 
Jun 13, 2019 12:37:42 AM Client.EventManagerClient main
INFO: Parameters :MTLE230719 Seminar 1
Jun 13, 2019 12:37:42 AM Client.EventManagerClient main
INFO: Reply event with this eventID and eventType already existed so booking capacity updated.
Jun 13, 2019 12:58:36 AM Client.EventManagerClient main
INFO: User id entered is MTLM9087
Jun 13, 2019 12:58:36 AM Client.EventManagerClient main
INFO: Entered as a Manager with IDMTLM9087
Jun 13, 2019 12:58:58 AM Client.EventManagerClient main
INFO: Request: Add event for client by manager 
Jun 13, 2019 12:59:04 AM Client.EventManagerClient main
INFO: Parameters :MTLA090619 Conference 2
Jun 13, 2019 12:59:04 AM Client.EventManagerClient main
INFO: Reply event with this eventID and eventType already existed so booking capacity updated.
Jun 13, 2019 12:59:25 AM Client.EventManagerClient main
INFO: Request: Add event for client by manager 
Jun 13, 2019 12:59:27 AM Client.EventManagerClient main
INFO: Parameters :MTLA080619 TradeShow 2
Jun 13, 2019 12:59:27 AM Client.EventManagerClient main
INFO: Reply event with this eventID and eventType already existed so booking capacity updated.
Jun 13, 2019 12:59:48 AM Client.EventManagerClient main
INFO: Request: Add event for client by manager 
Jun 13, 2019 12:59:49 AM Client.EventManagerClient main
INFO: Parameters :MTLE230719 Seminar 1
Jun 13, 2019 12:59:49 AM Client.EventManagerClient main
INFO: Reply event with this eventID and eventType already existed so booking capacity updated.
Jun 15, 2019 5:55:01 PM Client.EventManagerClient main
INFO: User id entered is MTLM9087
Jun 15, 2019 5:55:01 PM Client.EventManagerClient main
INFO: Entered as a Manager with IDMTLM9087
Jun 15, 2019 5:55:22 PM Client.EventManagerClient main
INFO: Request: Add event for client by manager 
Jun 15, 2019 5:55:26 PM Client.EventManagerClient main
INFO: Parameters :MTLA090619 Conference 2
Jun 15, 2019 5:55:26 PM Client.EventManagerClient main
INFO: Reply Event successfully added.
Jun 15, 2019 5:55:51 PM Client.EventManagerClient main
INFO: Request: Add event for client by manager 
Jun 15, 2019 5:55:55 PM Client.EventManagerClient main
INFO: Parameters :MTLA080619 TradeShow 2
Jun 15, 2019 5:55:55 PM Client.EventManagerClient main
INFO: Reply Event successfully added.
Jun 15, 2019 5:56:20 PM Client.EventManagerClient main
INFO: Request: Add event for client by manager 
Jun 15, 2019 5:56:23 PM Client.EventManagerClient main
INFO: Parameters :MTLE230719 Seminar 1
Jun 15, 2019 5:56:23 PM Client.EventManagerClient main
INFO: Reply Event successfully added.
Jun 15, 2019 6:02:33 PM Client.EventManagerClient main
INFO: User id entered is MTLM9087
Jun 15, 2019 6:02:33 PM Client.EventManagerClient main
INFO: Entered as a Manager with IDMTLM9087
Jun 15, 2019 6:02:54 PM Client.EventManagerClient main
INFO: Request: Add event for client by manager 
Jun 15, 2019 6:02:55 PM Client.EventManagerClient main
INFO: Parameters :MTLA090619 Conference 2
Jun 15, 2019 6:02:55 PM Client.EventManagerClient main
INFO: Reply Event successfully added.
Jun 15, 2019 6:03:22 PM Client.EventManagerClient main
INFO: Request: Add event for client by manager 
Jun 15, 2019 6:03:23 PM Client.EventManagerClient main
INFO: Parameters :MTLA080619 TradeShow 2
Jun 15, 2019 6:03:23 PM Client.EventManagerClient main
INFO: Reply Event successfully added.
Jun 15, 2019 6:03:44 PM Client.EventManagerClient main
INFO: Request: Add event for client by manager 
Jun 15, 2019 6:03:45 PM Client.EventManagerClient main
INFO: Parameters :MTLE230719 Seminar 1
Jun 15, 2019 6:03:45 PM Client.EventManagerClient main
INFO: Reply Event successfully added.
