Jun 15, 2019 6:25:20 PM Client.EventManagerClient main
INFO: User id entered is MTLM1111
Jun 15, 2019 6:25:20 PM Client.EventManagerClient main
INFO: Entered as a Manager with IDMTLM1111
Jun 15, 2019 6:25:24 PM Client.EventManagerClient main
INFO: Request: list eventavailability req to Montreal server 
Jun 15, 2019 6:25:24 PM Client.EventManagerClient main
INFO: Parameter:Seminar
Jun 15, 2019 6:25:24 PM Client.EventManagerClient main
INFO: Reply [MTLA080619 1, No events, No events]
Jun 27, 2019 6:17:59 PM Client.EventManagerClient main
INFO: User id entered is MTLM1111
Jun 27, 2019 6:17:59 PM Client.EventManagerClient main
INFO: Entered as a Manager with IDMTLM1111
Jun 27, 2019 6:19:31 PM Client.EventManagerClient main
INFO: Request: Add course from manager 
Jun 27, 2019 6:19:31 PM Client.EventManagerClient main
INFO: Parameters :MTLA080619 TradeShow
Jun 27, 2019 6:19:31 PM Client.EventManagerClient main
INFO: Reply The event was successfully removed.
Jun 27, 2019 6:57:33 PM Client.EventManagerClient main
INFO: User id entered is MTLM1111
Jun 27, 2019 6:57:33 PM Client.EventManagerClient main
INFO: Entered as a Manager with IDMTLM1111
Jun 27, 2019 6:57:38 PM Client.EventManagerClient main
INFO: Request: list eventavailability req to Montreal server 
Jun 27, 2019 6:57:38 PM Client.EventManagerClient main
INFO: Parameter:Seminar
Jun 27, 2019 6:57:38 PM Client.EventManagerClient main
INFO: Reply [MTLE230719 0]
Jun 27, 2019 7:22:12 PM Client.EventManagerClient main
INFO: User id entered is MTLM1111
Jun 27, 2019 7:22:12 PM Client.EventManagerClient main
INFO: Entered as a Manager with IDMTLM1111
Jun 27, 2019 7:22:47 PM Client.EventManagerClient main
INFO: Request: Add course from manager 
Jun 27, 2019 7:22:47 PM Client.EventManagerClient main
INFO: Parameters :MTLA080619 TradeShow
Jun 27, 2019 7:22:47 PM Client.EventManagerClient main
INFO: Reply The event was successfully removed.
Jun 27, 2019 7:36:19 PM Client.EventManagerClient main
INFO: User id entered is MTLM1111
Jun 27, 2019 7:36:19 PM Client.EventManagerClient main
INFO: Entered as a Manager with IDMTLM1111
Jun 27, 2019 7:36:48 PM Client.EventManagerClient main
INFO: Request: Add course from manager 
Jun 27, 2019 7:36:48 PM Client.EventManagerClient main
INFO: Parameters :MTLA080619 TradeShow
Jun 27, 2019 7:36:48 PM Client.EventManagerClient main
INFO: Reply The event was successfully removed.
Jun 27, 2019 7:47:32 PM Client.EventManagerClient main
INFO: User id entered is MTLM1111
Jun 27, 2019 7:47:32 PM Client.EventManagerClient main
INFO: Entered as a Manager with IDMTLM1111
Jun 27, 2019 7:48:17 PM Client.EventManagerClient main
INFO: Request: Add course from manager 
Jun 27, 2019 7:48:17 PM Client.EventManagerClient main
INFO: Parameters :MTLA080619 TradeShow
Jun 27, 2019 7:48:17 PM Client.EventManagerClient main
INFO: Reply The event was successfully removed.
Jun 28, 2019 3:45:53 AM Client.EventManagerClient main
INFO: User id entered is MTLM1111
Jun 28, 2019 3:45:53 AM Client.EventManagerClient main
INFO: Entered as a Manager with IDMTLM1111
Jun 28, 2019 3:46:17 AM Client.EventManagerClient main
INFO: Request: Add event for client by manager 
Jun 28, 2019 3:46:21 AM Client.EventManagerClient main
INFO: Parameters :MTLA090619 Conference 2
Jun 28, 2019 3:46:21 AM Client.EventManagerClient main
INFO: Reply Event successfully added.
Jun 28, 2019 3:46:47 AM Client.EventManagerClient main
INFO: Request: Add event for client by manager 
Jun 28, 2019 3:46:48 AM Client.EventManagerClient main
INFO: Parameters :MTLA080619 TradeShow 2
Jun 28, 2019 3:46:48 AM Client.EventManagerClient main
INFO: Reply Event successfully added.
Jun 28, 2019 3:47:11 AM Client.EventManagerClient main
INFO: Request: Add event for client by manager 
Jun 28, 2019 3:47:12 AM Client.EventManagerClient main
INFO: Parameters :MTLE230719 Seminar 1
Jun 28, 2019 3:47:12 AM Client.EventManagerClient main
INFO: Reply Event successfully added.
Jun 28, 2019 3:55:17 AM Client.EventManagerClient main
INFO: Request: Add course from manager 
Jun 28, 2019 3:55:17 AM Client.EventManagerClient main
INFO: Parameters :MTLA080619 TradeShow
Jun 28, 2019 3:55:17 AM Client.EventManagerClient main
INFO: Reply The event was successfully removed.
Jun 28, 2019 4:08:01 AM Client.EventManagerClient main
INFO: User id entered is MTLM1111
Jun 28, 2019 4:08:01 AM Client.EventManagerClient main
INFO: Entered as a Manager with IDMTLM1111
Jun 28, 2019 4:08:20 AM Client.EventManagerClient main
INFO: Request: Add event for client by manager 
Jun 28, 2019 4:08:21 AM Client.EventManagerClient main
INFO: Parameters :MTLA090619 Conference 2
Jun 28, 2019 4:08:21 AM Client.EventManagerClient main
INFO: Reply Event successfully added.
Jun 28, 2019 4:08:49 AM Client.EventManagerClient main
INFO: Request: Add event for client by manager 
Jun 28, 2019 4:08:49 AM Client.EventManagerClient main
INFO: Parameters :MTLA080619 TradeShow 2
Jun 28, 2019 4:08:49 AM Client.EventManagerClient main
INFO: Reply Event successfully added.
Jun 28, 2019 4:09:07 AM Client.EventManagerClient main
INFO: Request: Add event for client by manager 
Jun 28, 2019 4:09:11 AM Client.EventManagerClient main
INFO: Parameters :MTLE230719 Seminar 1
Jun 28, 2019 4:09:11 AM Client.EventManagerClient main
INFO: Reply Event successfully added.
Jun 28, 2019 4:11:10 AM Client.EventManagerClient main
INFO: Request: list eventavailability req to Montreal server 
Jun 28, 2019 4:11:10 AM Client.EventManagerClient main
INFO: Parameter:Seminar
Jun 28, 2019 4:11:10 AM Client.EventManagerClient main
INFO: Reply [MTLE230719 1]
Jun 28, 2019 4:11:22 AM Client.EventManagerClient main
INFO: Request: list eventavailability req to Montreal server 
Jun 28, 2019 4:11:22 AM Client.EventManagerClient main
INFO: Parameter:TradeShow
Jun 28, 2019 4:11:22 AM Client.EventManagerClient main
INFO: Reply [MTLA080619 1]
Jun 28, 2019 1:17:32 PM Client.EventManagerClient main
INFO: User id entered is MTLM1111
Jun 28, 2019 1:17:32 PM Client.EventManagerClient main
INFO: Entered as a Manager with IDMTLM1111
Jun 28, 2019 1:17:52 PM Client.EventManagerClient main
INFO: Request: Add event for client by manager 
Jun 28, 2019 1:17:53 PM Client.EventManagerClient main
INFO: Parameters :MTLA090619 Conference 2
Jun 28, 2019 1:17:53 PM Client.EventManagerClient main
INFO: Reply Event successfully added.
Jun 28, 2019 1:18:10 PM Client.EventManagerClient main
INFO: Request: Add event for client by manager 
Jun 28, 2019 1:18:11 PM Client.EventManagerClient main
INFO: Parameters :MTLA080619 TradeShow 2
Jun 28, 2019 1:18:11 PM Client.EventManagerClient main
INFO: Reply Event successfully added.
Jun 28, 2019 1:18:29 PM Client.EventManagerClient main
INFO: Request: Add event for client by manager 
Jun 28, 2019 1:18:30 PM Client.EventManagerClient main
INFO: Parameters :MTLE230719 Seminar 1
Jun 28, 2019 1:18:30 PM Client.EventManagerClient main
INFO: Reply Event successfully added.
Jun 28, 2019 1:18:42 PM Client.EventManagerClient main
INFO: Request: list eventavailability req to Montreal server 
Jun 28, 2019 1:18:42 PM Client.EventManagerClient main
INFO: Parameter:Conference
Jun 28, 2019 1:18:42 PM Client.EventManagerClient main
INFO: Reply [MTLA090619 2, OTWA080919 3, OTWE110619 1, OTWE080619 1]
Jun 28, 2019 1:20:11 PM Client.EventManagerClient main
INFO: Request: list eventavailability req to Montreal server 
Jun 28, 2019 1:20:11 PM Client.EventManagerClient main
INFO: Parameter:Seminar
Jun 28, 2019 1:20:11 PM Client.EventManagerClient main
INFO: Reply [MTLE230719 1]
