Jun 13, 2019 12:24:56 AM Client.EventManagerClient main
INFO: User id entered is OTWM4560
Jun 13, 2019 12:24:56 AM Client.EventManagerClient main
INFO: Entered as a Manager with IDOTWM4560
Jun 13, 2019 12:25:21 AM Client.EventManagerClient main
INFO: Request: Add event for client by manager 
Jun 13, 2019 12:25:26 AM Client.EventManagerClient main
INFO: Parameters :OTWE080619 Conference 1
Jun 13, 2019 12:25:26 AM Client.EventManagerClient main
INFO: Reply event with this eventID and eventType already existed so booking capacity updated.
Jun 13, 2019 12:26:22 AM Client.EventManagerClient main
INFO: Request: Add event for client by manager 
Jun 13, 2019 12:26:26 AM Client.EventManagerClient main
INFO: Parameters :OTWE110619 Conference 1
Jun 13, 2019 12:26:26 AM Client.EventManagerClient main
INFO: Reply event with this eventID and eventType already existed so booking capacity updated.
Jun 13, 2019 12:26:49 AM Client.EventManagerClient main
INFO: Sorry you cannot add the event for other cities
Jun 13, 2019 12:35:14 AM Client.EventManagerClient main
INFO: User id entered is OTWM4560
Jun 13, 2019 12:35:14 AM Client.EventManagerClient main
INFO: Entered as a Manager with IDOTWM4560
Jun 13, 2019 12:35:57 AM Client.EventManagerClient main
INFO: Request: Add event for client by manager 
Jun 13, 2019 12:36:04 AM Client.EventManagerClient main
INFO: Parameters :OTWE080619 Conference 1
Jun 13, 2019 12:36:04 AM Client.EventManagerClient main
INFO: Reply event with this eventID and eventType already existed so booking capacity updated.
Jun 13, 2019 12:36:23 AM Client.EventManagerClient main
INFO: Request: Add event for client by manager 
Jun 13, 2019 12:36:25 AM Client.EventManagerClient main
INFO: Parameters :OTWE110619 Conference 1
Jun 13, 2019 12:36:25 AM Client.EventManagerClient main
INFO: Reply event with this eventID and eventType already existed so booking capacity updated.
Jun 13, 2019 12:57:22 AM Client.EventManagerClient main
INFO: User id entered is OTWM4560
Jun 13, 2019 12:57:22 AM Client.EventManagerClient main
INFO: Entered as a Manager with IDOTWM4560
Jun 13, 2019 12:57:43 AM Client.EventManagerClient main
INFO: Request: Add event for client by manager 
Jun 13, 2019 12:57:50 AM Client.EventManagerClient main
INFO: Parameters :OTWE080619 Conference 1
Jun 13, 2019 12:57:50 AM Client.EventManagerClient main
INFO: Reply event with this eventID and eventType already existed so booking capacity updated.
Jun 13, 2019 12:58:13 AM Client.EventManagerClient main
INFO: Request: Add event for client by manager 
Jun 13, 2019 12:58:15 AM Client.EventManagerClient main
INFO: Parameters :OTWE110619 Conference 1
Jun 13, 2019 12:58:15 AM Client.EventManagerClient main
INFO: Reply event with this eventID and eventType already existed so booking capacity updated.
Jun 15, 2019 3:32:47 PM Client.EventManagerClient main
INFO: User id entered is OTWM4560
Jun 15, 2019 3:32:47 PM Client.EventManagerClient main
INFO: Entered as a Manager with IDOTWM4560
Jun 15, 2019 3:33:19 PM Client.EventManagerClient main
INFO: Request: Add event for client by manager 
Jun 15, 2019 3:33:23 PM Client.EventManagerClient main
INFO: Parameters :OTWE080619 Conference 1
Jun 15, 2019 3:33:23 PM Client.EventManagerClient main
INFO: Reply event with this eventID and eventType already existed so booking capacity updated.
Jun 15, 2019 3:34:40 PM Client.EventManagerClient main
INFO: Request: Add event for client by manager 
Jun 15, 2019 3:34:42 PM Client.EventManagerClient main
INFO: Parameters :OTWE110619 Conference 1
Jun 15, 2019 3:34:42 PM Client.EventManagerClient main
INFO: Reply event with this eventID and eventType already existed so booking capacity updated.
Jun 15, 2019 3:38:52 PM Client.EventManagerClient main
INFO: User id entered is OTWM4560
Jun 15, 2019 3:38:52 PM Client.EventManagerClient main
INFO: Entered as a Manager with IDOTWM4560
Jun 15, 2019 3:39:10 PM Client.EventManagerClient main
INFO: Request: Add event for client by manager 
Jun 15, 2019 3:39:12 PM Client.EventManagerClient main
INFO: Parameters :OTWM080619 Conference 1
Jun 15, 2019 3:39:12 PM Client.EventManagerClient main
INFO: Reply event with this eventID and eventType already existed so booking capacity updated.
Jun 15, 2019 3:39:57 PM Client.EventManagerClient main
INFO: Request: Add event for client by manager 
Jun 15, 2019 3:39:59 PM Client.EventManagerClient main
INFO: Parameters :OTWE110619 Conference 1
Jun 15, 2019 3:39:59 PM Client.EventManagerClient main
INFO: Reply event with this eventID and eventType already existed so booking capacity updated.
Jun 15, 2019 3:42:07 PM Client.EventManagerClient main
INFO: User id entered is OTWM4560
Jun 15, 2019 3:42:07 PM Client.EventManagerClient main
INFO: Entered as a Manager with IDOTWM4560
Jun 15, 2019 3:42:24 PM Client.EventManagerClient main
INFO: Request: Add event for client by manager 
Jun 15, 2019 3:42:25 PM Client.EventManagerClient main
INFO: Parameters :OTWE080619 Conference 1
Jun 15, 2019 3:42:25 PM Client.EventManagerClient main
INFO: Reply event with this eventID and eventType already existed so booking capacity updated.
Jun 15, 2019 3:42:40 PM Client.EventManagerClient main
INFO: Request: Add event for client by manager 
Jun 15, 2019 3:42:41 PM Client.EventManagerClient main
INFO: Parameters :OTWE110619 Conference 1
Jun 15, 2019 3:42:41 PM Client.EventManagerClient main
INFO: Reply event with this eventID and eventType already existed so booking capacity updated.
Jun 15, 2019 3:46:36 PM Client.EventManagerClient main
INFO: User id entered is OTWM4560
Jun 15, 2019 3:46:36 PM Client.EventManagerClient main
INFO: Entered as a Manager with IDOTWM4560
Jun 15, 2019 3:47:38 PM Client.EventManagerClient main
INFO: Request: Add event for client by manager 
Jun 15, 2019 3:47:39 PM Client.EventManagerClient main
INFO: Parameters :OTWE080619 Conference 1
Jun 15, 2019 3:49:04 PM Client.EventManagerClient main
INFO: User id entered is OTWM4560
Jun 15, 2019 3:49:04 PM Client.EventManagerClient main
INFO: Entered as a Manager with IDOTWM4560
Jun 15, 2019 3:49:19 PM Client.EventManagerClient main
INFO: Request: Add event for client by manager 
Jun 15, 2019 3:49:20 PM Client.EventManagerClient main
INFO: Parameters :OTWE080619 Conference 1
Jun 15, 2019 3:50:49 PM Client.EventManagerClient main
INFO: User id entered is OTWM4560
Jun 15, 2019 3:50:49 PM Client.EventManagerClient main
INFO: Entered as a Manager with IDOTWM4560
Jun 15, 2019 3:51:02 PM Client.EventManagerClient main
INFO: Request: Add event for client by manager 
Jun 15, 2019 3:51:03 PM Client.EventManagerClient main
INFO: Parameters :OTWE080619 Conference 1
Jun 15, 2019 4:07:56 PM Client.EventManagerClient main
INFO: User id entered is OTWM4560
Jun 15, 2019 4:07:56 PM Client.EventManagerClient main
INFO: Entered as a Manager with IDOTWM4560
Jun 15, 2019 4:08:05 PM Client.EventManagerClient main
INFO: Sorry you cannot add the event for other cities
Jun 15, 2019 4:14:10 PM Client.EventManagerClient main
INFO: User id entered is OTWM4560
Jun 15, 2019 4:14:10 PM Client.EventManagerClient main
INFO: Entered as a Manager with IDOTWM4560
Jun 15, 2019 4:14:23 PM Client.EventManagerClient main
INFO: Request: Add event for client by manager 
Jun 15, 2019 4:14:24 PM Client.EventManagerClient main
INFO: Parameters :OTWE080619 Conference 1
Jun 15, 2019 4:14:24 PM Client.EventManagerClient main
INFO: Reply Entered event type is invalid.
Jun 15, 2019 4:16:20 PM Client.EventManagerClient main
INFO: User id entered is OTWM4560
Jun 15, 2019 4:16:20 PM Client.EventManagerClient main
INFO: Entered as a Manager with IDOTWM4560
Jun 15, 2019 4:16:32 PM Client.EventManagerClient main
INFO: Sorry you cannot add the event for other cities
Jun 15, 2019 4:19:12 PM Client.EventManagerClient main
INFO: User id entered is OTWM4560
Jun 15, 2019 4:19:12 PM Client.EventManagerClient main
INFO: Entered as a Manager with IDOTWM4560
Jun 15, 2019 4:19:24 PM Client.EventManagerClient main
INFO: Request: Add event for client by manager 
Jun 15, 2019 4:19:25 PM Client.EventManagerClient main
INFO: Parameters :OTWE080619 Conference 1
Jun 15, 2019 4:23:34 PM Client.EventManagerClient main
INFO: User id entered is OTWM4560
Jun 15, 2019 4:23:34 PM Client.EventManagerClient main
INFO: Entered as a Manager with IDOTWM4560
Jun 15, 2019 4:24:42 PM Client.EventManagerClient main
INFO: Request: Add event for client by manager 
Jun 15, 2019 4:24:43 PM Client.EventManagerClient main
INFO: Parameters :OTWE080619 Conference 1
Jun 15, 2019 4:41:17 PM Client.EventManagerClient main
INFO: User id entered is OTWM4560
Jun 15, 2019 4:41:17 PM Client.EventManagerClient main
INFO: Entered as a Manager with IDOTWM4560
Jun 15, 2019 4:41:28 PM Client.EventManagerClient main
INFO: Sorry you cannot add the event for other cities
Jun 15, 2019 4:42:13 PM Client.EventManagerClient main
INFO: Request: Add event for client by manager 
Jun 15, 2019 4:42:14 PM Client.EventManagerClient main
INFO: Parameters :OTWE080619 Conference 1
Jun 15, 2019 4:48:37 PM Client.EventManagerClient main
INFO: User id entered is OTWM4560
Jun 15, 2019 4:48:37 PM Client.EventManagerClient main
INFO: Entered as a Manager with IDOTWM4560
Jun 15, 2019 4:48:55 PM Client.EventManagerClient main
INFO: Request: Add event for client by manager 
Jun 15, 2019 4:48:57 PM Client.EventManagerClient main
INFO: Parameters :OTWE080619 Conference 1
Jun 15, 2019 4:49:45 PM Client.EventManagerClient main
INFO: User id entered is OTWM4560
Jun 15, 2019 4:49:45 PM Client.EventManagerClient main
INFO: Entered as a Manager with IDOTWM4560
Jun 15, 2019 4:50:12 PM Client.EventManagerClient main
INFO: Request: Add event for client by manager 
Jun 15, 2019 4:50:13 PM Client.EventManagerClient main
INFO: Parameters :OTWE110619 Conference 1
Jun 15, 2019 4:55:21 PM Client.EventManagerClient main
INFO: User id entered is OTWM4560
Jun 15, 2019 4:55:21 PM Client.EventManagerClient main
INFO: Entered as a Manager with IDOTWM4560
Jun 15, 2019 4:56:27 PM Client.EventManagerClient main
INFO: Sorry you cannot add the event for other cities
Jun 15, 2019 5:01:58 PM Client.EventManagerClient main
INFO: User id entered is OTWM4560
Jun 15, 2019 5:01:58 PM Client.EventManagerClient main
INFO: Entered as a Manager with IDOTWM4560
Jun 15, 2019 5:02:11 PM Client.EventManagerClient main
INFO: Request: Add event for client by manager 
Jun 15, 2019 5:02:12 PM Client.EventManagerClient main
INFO: Parameters :OTWE080619 Conference 1
Jun 15, 2019 5:18:14 PM Client.EventManagerClient main
INFO: User id entered is OTWM4560
Jun 15, 2019 5:18:14 PM Client.EventManagerClient main
INFO: Entered as a Manager with IDOTWM4560
Jun 15, 2019 5:18:21 PM Client.EventManagerClient main
INFO: Sorry you cannot add the event for other cities
Jun 15, 2019 5:18:42 PM Client.EventManagerClient main
INFO: Request: Add event for client by manager 
Jun 15, 2019 5:18:43 PM Client.EventManagerClient main
INFO: Parameters :OTWE080619 Conference 1
Jun 15, 2019 5:18:43 PM Client.EventManagerClient main
INFO: Reply Event successfully added.
Jun 15, 2019 5:40:32 PM Client.EventManagerClient main
INFO: User id entered is OTWM4560
Jun 15, 2019 5:40:32 PM Client.EventManagerClient main
INFO: Entered as a Manager with IDOTWM4560
Jun 15, 2019 5:40:45 PM Client.EventManagerClient main
INFO: Request: Add event for client by manager 
Jun 15, 2019 5:40:45 PM Client.EventManagerClient main
INFO: Parameters :OTWE080619 Conference 1
Jun 15, 2019 5:40:45 PM Client.EventManagerClient main
INFO: Reply Event successfully added.
Jun 15, 2019 5:41:27 PM Client.EventManagerClient main
INFO: Request: Add event for client by manager 
Jun 15, 2019 5:41:28 PM Client.EventManagerClient main
INFO: Parameters :OTWE110619 Conference 1
Jun 15, 2019 5:41:28 PM Client.EventManagerClient main
INFO: Reply Event successfully added.
Jun 15, 2019 5:43:34 PM Client.EventManagerClient main
INFO: User id entered is OTWM4560
Jun 15, 2019 5:43:34 PM Client.EventManagerClient main
INFO: Entered as a Manager with IDOTWM4560
Jun 15, 2019 5:43:46 PM Client.EventManagerClient main
INFO: Request: Add event for client by manager 
Jun 15, 2019 5:43:47 PM Client.EventManagerClient main
INFO: Parameters :OTWE080619 Conference 1
Jun 15, 2019 5:43:47 PM Client.EventManagerClient main
INFO: Reply Event successfully added.
Jun 15, 2019 5:44:15 PM Client.EventManagerClient main
INFO: Request: Add event for client by manager 
Jun 15, 2019 5:44:17 PM Client.EventManagerClient main
INFO: Parameters :OTWE110619 Conference 1
Jun 15, 2019 5:44:17 PM Client.EventManagerClient main
INFO: Reply Event successfully added.
Jun 15, 2019 5:47:06 PM Client.EventManagerClient main
INFO: User id entered is OTWM4560
Jun 15, 2019 5:47:06 PM Client.EventManagerClient main
INFO: Entered as a Manager with IDOTWM4560
Jun 15, 2019 5:47:16 PM Client.EventManagerClient main
INFO: Request: Add event for client by manager 
Jun 15, 2019 5:47:17 PM Client.EventManagerClient main
INFO: Parameters :OTWE080619 Conference 1
Jun 15, 2019 5:47:17 PM Client.EventManagerClient main
INFO: Reply Event successfully added.
Jun 15, 2019 5:47:33 PM Client.EventManagerClient main
INFO: Request: Add event for client by manager 
Jun 15, 2019 5:47:34 PM Client.EventManagerClient main
INFO: Parameters :OTWE110619 Conference 1
Jun 15, 2019 5:47:34 PM Client.EventManagerClient main
INFO: Reply Event successfully added.
Jun 15, 2019 5:47:52 PM Client.EventManagerClient main
INFO: Sorry you cannot add the event for other cities
Jun 15, 2019 6:01:18 PM Client.EventManagerClient main
INFO: User id entered is OTWM4560
Jun 15, 2019 6:01:18 PM Client.EventManagerClient main
INFO: Entered as a Manager with IDOTWM4560
Jun 15, 2019 6:01:33 PM Client.EventManagerClient main
INFO: Request: Add event for client by manager 
Jun 15, 2019 6:01:34 PM Client.EventManagerClient main
INFO: Parameters :OTWE080619 Conference 1
Jun 15, 2019 6:01:34 PM Client.EventManagerClient main
INFO: Reply Event successfully added.
Jun 15, 2019 6:01:49 PM Client.EventManagerClient main
INFO: Request: Add event for client by manager 
Jun 15, 2019 6:01:51 PM Client.EventManagerClient main
INFO: Parameters :OTWE110619 Conference 1
Jun 15, 2019 6:01:51 PM Client.EventManagerClient main
INFO: Reply Event successfully added.
Jun 15, 2019 6:24:45 PM Client.EventManagerClient main
INFO: User id entered is OTWM4560
Jun 15, 2019 6:24:45 PM Client.EventManagerClient main
INFO: Entered as a Manager with IDOTWM4560
Jun 15, 2019 6:24:50 PM Client.EventManagerClient main
INFO: Request: list eventavailability req to Ottawa server 
Jun 15, 2019 6:24:50 PM Client.EventManagerClient main
INFO: Parameter:Seminar
Jun 15, 2019 6:24:50 PM Client.EventManagerClient main
INFO: Reply [There are no Seminars scheduled., MTLA080619 1, No events]
