Jun 27, 2019 6:21:17 PM Client.EventManagerClient main
INFO: User id entered is OTWM1111
Jun 27, 2019 6:21:17 PM Client.EventManagerClient main
INFO: Entered as a Manager with IDOTWM1111
Jun 27, 2019 6:21:26 PM Client.EventManagerClient main
INFO: Request: list eventavailability req to Ottawa server 
Jun 27, 2019 6:21:26 PM Client.EventManagerClient main
INFO: Parameter:Conference
Jun 27, 2019 6:21:26 PM Client.EventManagerClient main
INFO: Reply [OTWE110619 0, OTWE080619 0]
Jun 27, 2019 6:21:54 PM Client.EventManagerClient main
INFO: Request: list eventavailability req to Ottawa server 
Jun 27, 2019 6:21:54 PM Client.EventManagerClient main
INFO: Parameter:Seminar
Jun 27, 2019 6:21:54 PM Client.EventManagerClient main
INFO: Reply []
Jun 27, 2019 6:58:11 PM Client.EventManagerClient main
INFO: User id entered is OTWM1111
Jun 27, 2019 6:58:11 PM Client.EventManagerClient main
INFO: Entered as a Manager with IDOTWM1111
Jun 27, 2019 6:58:15 PM Client.EventManagerClient main
INFO: Request: list eventavailability req to Ottawa server 
Jun 27, 2019 6:58:15 PM Client.EventManagerClient main
INFO: Parameter:Seminar
Jun 27, 2019 6:58:15 PM Client.EventManagerClient main
INFO: Reply []
Jun 27, 2019 7:23:49 PM Client.EventManagerClient main
INFO: User id entered is OTWM1111
Jun 27, 2019 7:23:49 PM Client.EventManagerClient main
INFO: Entered as a Manager with IDOTWM1111
Jun 27, 2019 7:23:54 PM Client.EventManagerClient main
INFO: Request: list eventavailability req to Ottawa server 
Jun 27, 2019 7:23:54 PM Client.EventManagerClient main
INFO: Parameter:Conference
Jun 27, 2019 7:23:54 PM Client.EventManagerClient main
INFO: Reply [OTWE110619 1, OTWE080619 0, MTLA090619 3]
Jun 27, 2019 7:24:16 PM Client.EventManagerClient main
INFO: Request: list eventavailability req to Ottawa server 
Jun 27, 2019 7:24:16 PM Client.EventManagerClient main
INFO: Parameter:Seminar
Jun 27, 2019 7:24:16 PM Client.EventManagerClient main
INFO: Reply [MTLE230719 0]
Jun 27, 2019 7:24:26 PM Client.EventManagerClient main
INFO: Request: list eventavailability req to Ottawa server 
Jun 27, 2019 7:24:26 PM Client.EventManagerClient main
INFO: Parameter:TradeShow
Jun 27, 2019 7:24:26 PM Client.EventManagerClient main
INFO: Reply []
Jun 27, 2019 7:37:37 PM Client.EventManagerClient main
INFO: User id entered is OTWM1111
Jun 27, 2019 7:37:37 PM Client.EventManagerClient main
INFO: Entered as a Manager with IDOTWM1111
Jun 27, 2019 7:37:44 PM Client.EventManagerClient main
INFO: Request: list eventavailability req to Ottawa server 
Jun 27, 2019 7:37:44 PM Client.EventManagerClient main
INFO: Parameter:Conference
Jun 27, 2019 7:37:44 PM Client.EventManagerClient main
INFO: Reply [OTWE110619 1, OTWE080619 0, MTLA090619 3]
Jun 27, 2019 7:38:08 PM Client.EventManagerClient main
INFO: Request: list eventavailability req to Ottawa server 
Jun 27, 2019 7:38:08 PM Client.EventManagerClient main
INFO: Parameter:Seminar
Jun 27, 2019 7:38:08 PM Client.EventManagerClient main
INFO: Reply [MTLE230719 0]
Jun 27, 2019 7:48:56 PM Client.EventManagerClient main
INFO: User id entered is OTWM1111
Jun 27, 2019 7:48:56 PM Client.EventManagerClient main
INFO: Entered as a Manager with IDOTWM1111
Jun 27, 2019 7:49:00 PM Client.EventManagerClient main
INFO: Request: list eventavailability req to Ottawa server 
Jun 27, 2019 7:49:00 PM Client.EventManagerClient main
INFO: Parameter:Seminar
Jun 27, 2019 7:49:00 PM Client.EventManagerClient main
INFO: Reply [MTLE230719 0]
Jun 27, 2019 7:49:09 PM Client.EventManagerClient main
INFO: Request: list eventavailability req to Ottawa server 
Jun 27, 2019 7:49:09 PM Client.EventManagerClient main
INFO: Parameter:Conference
Jun 27, 2019 7:49:09 PM Client.EventManagerClient main
INFO: Reply [OTWE110619 1, OTWE080619 0, MTLA090619 2]
Jun 27, 2019 7:49:23 PM Client.EventManagerClient main
INFO: Request: list eventavailability req to Ottawa server 
Jun 27, 2019 7:49:23 PM Client.EventManagerClient main
INFO: Parameter:TradeShow
Jun 27, 2019 7:49:23 PM Client.EventManagerClient main
INFO: Reply []
Jun 28, 2019 3:44:18 AM Client.EventManagerClient main
INFO: User id entered is OTWM1111
Jun 28, 2019 3:44:18 AM Client.EventManagerClient main
INFO: Entered as a Manager with IDOTWM1111
Jun 28, 2019 3:44:42 AM Client.EventManagerClient main
INFO: Request: Add event for client by manager 
Jun 28, 2019 3:44:45 AM Client.EventManagerClient main
INFO: Parameters :OTWE080619 Conference 1
Jun 28, 2019 3:44:45 AM Client.EventManagerClient main
INFO: Reply Event successfully added.
Jun 28, 2019 3:45:10 AM Client.EventManagerClient main
INFO: Request: Add event for client by manager 
Jun 28, 2019 3:45:11 AM Client.EventManagerClient main
INFO: Parameters :OTWE110619 Conference 1
Jun 28, 2019 3:45:11 AM Client.EventManagerClient main
INFO: Reply Event successfully added.
Jun 28, 2019 3:45:36 AM Client.EventManagerClient main
INFO: Sorry you cannot add the event for other cities
Jun 28, 2019 3:56:36 AM Client.EventManagerClient main
INFO: Request: list eventavailability req to Ottawa server 
Jun 28, 2019 3:56:36 AM Client.EventManagerClient main
INFO: Parameter:Conference
Jun 28, 2019 3:56:36 AM Client.EventManagerClient main
INFO: Reply [OTWE110619 1, OTWE080619 0, MTLA090619 2]
Jun 28, 2019 3:57:01 AM Client.EventManagerClient main
INFO: Request: list eventavailability req to Ottawa server 
Jun 28, 2019 3:57:01 AM Client.EventManagerClient main
INFO: Parameter:Seminar
Jun 28, 2019 3:57:01 AM Client.EventManagerClient main
INFO: Reply [MTLE230719 0]
Jun 28, 2019 3:57:15 AM Client.EventManagerClient main
INFO: Request: list eventavailability req to Ottawa server 
Jun 28, 2019 3:57:15 AM Client.EventManagerClient main
INFO: Parameter:TradeShow
Jun 28, 2019 3:57:15 AM Client.EventManagerClient main
INFO: Reply []
Jun 28, 2019 4:07:01 AM Client.EventManagerClient main
INFO: User id entered is OTWM1111
Jun 28, 2019 4:07:01 AM Client.EventManagerClient main
INFO: Entered as a Manager with IDOTWM1111
Jun 28, 2019 4:07:19 AM Client.EventManagerClient main
INFO: Request: Add event for client by manager 
Jun 28, 2019 4:07:21 AM Client.EventManagerClient main
INFO: Parameters :OTWE080619 Conference 1
Jun 28, 2019 4:07:21 AM Client.EventManagerClient main
INFO: Reply Event successfully added.
Jun 28, 2019 4:07:41 AM Client.EventManagerClient main
INFO: Request: Add event for client by manager 
Jun 28, 2019 4:07:43 AM Client.EventManagerClient main
INFO: Parameters :OTWE110619 Conference 1
Jun 28, 2019 4:07:43 AM Client.EventManagerClient main
INFO: Reply Event successfully added.
Jun 28, 2019 4:11:46 AM Client.EventManagerClient main
INFO: Request: list eventavailability req to Ottawa server 
Jun 28, 2019 4:11:46 AM Client.EventManagerClient main
INFO: Parameter:Conference
Jun 28, 2019 4:11:46 AM Client.EventManagerClient main
INFO: Reply [OTWE110619 1, OTWE080619 0, MTLA090619 1]
Jun 28, 2019 1:15:16 PM Client.EventManagerClient main
INFO: User id entered is OTWM1111
Jun 28, 2019 1:15:16 PM Client.EventManagerClient main
INFO: Entered as a Manager with IDOTWM1111
Jun 28, 2019 1:15:33 PM Client.EventManagerClient main
INFO: Request: Add event for client by manager 
Jun 28, 2019 1:15:35 PM Client.EventManagerClient main
INFO: Parameters :OTWE080619 Conference 1
Jun 28, 2019 1:15:35 PM Client.EventManagerClient main
INFO: Reply Event successfully added.
Jun 28, 2019 1:15:52 PM Client.EventManagerClient main
INFO: Request: Add event for client by manager 
Jun 28, 2019 1:15:54 PM Client.EventManagerClient main
INFO: Parameters :OTWE110619 Conference 1
Jun 28, 2019 1:15:54 PM Client.EventManagerClient main
INFO: Reply Event successfully added.
Jun 28, 2019 1:16:21 PM Client.EventManagerClient main
INFO: Request: Add event for client by manager 
Jun 28, 2019 1:16:22 PM Client.EventManagerClient main
INFO: Parameters :OTWA080919 Conference 3
Jun 28, 2019 1:16:22 PM Client.EventManagerClient main
INFO: Reply Event successfully added.
