Jun 06, 2019 10:58:01 PM Client.CustomerClient main
INFO: User id entered is TORC1111
Jun 06, 2019 10:58:01 PM Client.CustomerClient main
INFO: entered as a client with IDTORC1111
Jun 13, 2019 1:00:05 AM Client.CustomerClient main
INFO: User id entered is TORC1111
Jun 13, 2019 1:00:05 AM Client.CustomerClient main
INFO: entered as a client with IDTORC1111
Jun 13, 2019 1:01:02 AM Client.CustomerClient main
INFO: Request to ottawa book event 
Jun 13, 2019 1:01:02 AM Client.CustomerClient main
INFO: Parameters passed are customerID TORC1111 eventID OTWE080619 and eventtypeConference
Jun 13, 2019 1:01:02 AM Client.CustomerClient main
INFO: Reply customer already registered for this event.
Jun 13, 2019 1:01:28 AM Client.CustomerClient main
INFO: Request to ottawa book event 
Jun 13, 2019 1:01:28 AM Client.CustomerClient main
INFO: Parameters passed are customerID TORC1111 eventID MTLA090619 and eventtypeConference
Jun 13, 2019 1:01:28 AM Client.CustomerClient main
INFO: Reply customer already registered for this event.
Jun 13, 2019 1:02:04 AM Client.CustomerClient main
INFO: Request to ottawa book event 
Jun 13, 2019 1:02:04 AM Client.CustomerClient main
INFO: Parameters passed are customerID TORC1111 eventID MTLA080619 and eventtypeTradeShow
Jun 13, 2019 1:02:04 AM Client.CustomerClient main
INFO: Reply customer already registered for this event.
Jun 13, 2019 1:03:00 AM Client.CustomerClient main
INFO: Request to ottawa book event 
Jun 13, 2019 1:03:00 AM Client.CustomerClient main
INFO: Parameters passed are customerID TORC1111 eventID OTWE110619 and eventtypeConference
Jun 13, 2019 1:03:00 AM Client.CustomerClient main
INFO: Reply customer already registered for this event.
Jun 27, 2019 5:18:16 PM Client.CustomerClient main
INFO: User id entered is TORC1111
Jun 27, 2019 5:18:16 PM Client.CustomerClient main
INFO: entered as a client with IDTORC1111
Jun 27, 2019 5:18:18 PM Client.CustomerClient main
INFO: Request: Booking Schedule 
Jun 27, 2019 5:18:18 PM Client.CustomerClient main
INFO: Parameter: student ID: TORC1111
Jun 27, 2019 5:18:18 PM Client.CustomerClient main
INFO: Reply:[------>  Following is the booking schedule for the customer, Conferences-, 0, Seminars-, 0, Trade Shows-, 0]
Jun 27, 2019 5:19:08 PM Client.CustomerClient main
INFO: Request to ottawa book event 
Jun 27, 2019 5:19:08 PM Client.CustomerClient main
INFO: Parameters passed are customerID TORC1111 eventID OTWE080619 and eventtypeConference
Jun 27, 2019 5:19:08 PM Client.CustomerClient main
INFO: Reply Event booked successfully.
Jun 27, 2019 5:19:30 PM Client.CustomerClient main
INFO: Request to ottawa book event 
Jun 27, 2019 5:19:30 PM Client.CustomerClient main
INFO: Parameters passed are customerID TORC1111 eventID MTLA090619 and eventtypeConference
Jun 27, 2019 5:19:30 PM Client.CustomerClient main
INFO: Reply Event booked successfully.
Jun 27, 2019 5:19:52 PM Client.CustomerClient main
INFO: Request to ottawa book event 
Jun 27, 2019 5:19:52 PM Client.CustomerClient main
INFO: Parameters passed are customerID TORC1111 eventID MTLA080619 and eventtypeTradeShow
Jun 27, 2019 5:19:52 PM Client.CustomerClient main
INFO: Reply Event booked successfully.
Jun 27, 2019 5:20:20 PM Client.CustomerClient main
INFO: Request to ottawa book event 
Jun 27, 2019 5:20:20 PM Client.CustomerClient main
INFO: Parameters passed are customerID TORC1111 eventID OTWE110619 and eventtypeConference
Jun 27, 2019 5:20:20 PM Client.CustomerClient main
INFO: Reply Event booked successfully.
Jun 27, 2019 5:23:35 PM Client.CustomerClient main
INFO: User id entered is TORC1111
Jun 27, 2019 5:23:35 PM Client.CustomerClient main
INFO: entered as a client with IDTORC1111
Jun 27, 2019 5:23:53 PM Client.CustomerClient main
INFO: Request to ottawa book event 
Jun 27, 2019 5:23:53 PM Client.CustomerClient main
INFO: Parameters passed are customerID TORC1111 eventID OTWE080619 and eventtypeConference
Jun 27, 2019 5:23:53 PM Client.CustomerClient main
INFO: Reply Event booked successfully.
Jun 27, 2019 5:39:03 PM Client.CustomerClient main
INFO: Request to ottawa book event 
Jun 27, 2019 5:39:03 PM Client.CustomerClient main
INFO: Parameters passed are customerID TORC1111 eventID MTLA090619 and eventtypeConference
Jun 27, 2019 5:39:03 PM Client.CustomerClient main
INFO: Reply Event booked successfully.
Jun 27, 2019 5:39:39 PM Client.CustomerClient main
INFO: Request to ottawa book event 
Jun 27, 2019 5:39:39 PM Client.CustomerClient main
INFO: Parameters passed are customerID TORC1111 eventID MTLA080619 and eventtypeTradeShow
Jun 27, 2019 5:39:39 PM Client.CustomerClient main
INFO: Reply Event booked successfully.
Jun 27, 2019 5:46:03 PM Client.CustomerClient main
INFO: User id entered is TORC1111
Jun 27, 2019 5:46:03 PM Client.CustomerClient main
INFO: entered as a client with IDTORC1111
Jun 27, 2019 5:46:15 PM Client.CustomerClient main
INFO: Request to ottawa book event 
Jun 27, 2019 5:46:15 PM Client.CustomerClient main
INFO: Parameters passed are customerID TORC1111 eventID OTWE080619 and eventtypeConference
Jun 27, 2019 5:46:15 PM Client.CustomerClient main
INFO: Reply Event booked successfully.
Jun 27, 2019 5:49:09 PM Client.CustomerClient main
INFO: User id entered is TORC1111
Jun 27, 2019 5:49:09 PM Client.CustomerClient main
INFO: entered as a client with IDTORC1111
Jun 27, 2019 5:49:23 PM Client.CustomerClient main
INFO: Request to ottawa book event 
Jun 27, 2019 5:49:23 PM Client.CustomerClient main
INFO: Parameters passed are customerID TORC1111 eventID OTWE080619 and eventtypeConference
Jun 27, 2019 5:49:23 PM Client.CustomerClient main
INFO: Reply Event booked successfully.
Jun 27, 2019 5:49:52 PM Client.CustomerClient main
INFO: Request to ottawa book event 
Jun 27, 2019 5:49:52 PM Client.CustomerClient main
INFO: Parameters passed are customerID TORC1111 eventID MTLA090619 and eventtypeConference
Jun 27, 2019 5:49:52 PM Client.CustomerClient main
INFO: Reply Event booked successfully.
Jun 27, 2019 5:50:16 PM Client.CustomerClient main
INFO: Request to ottawa book event 
Jun 27, 2019 5:50:16 PM Client.CustomerClient main
INFO: Parameters passed are customerID TORC1111 eventID MTLA080619 and eventtypeTradeShow
Jun 27, 2019 5:50:16 PM Client.CustomerClient main
INFO: Reply Event booked successfully.
Jun 27, 2019 5:50:39 PM Client.CustomerClient main
INFO: Request to ottawa book event 
Jun 27, 2019 5:50:39 PM Client.CustomerClient main
INFO: Parameters passed are customerID TORC1111 eventID OTWE110619 and eventtypeConference
Jun 27, 2019 5:50:40 PM Client.CustomerClient main
INFO: Reply User already registered for 3 events outside their city in 06 month.
Jun 27, 2019 5:51:10 PM Client.CustomerClient main
INFO: Request to ottawa book event 
Jun 27, 2019 5:51:10 PM Client.CustomerClient main
INFO: Parameters passed are customerID TORC1111 eventID MTLE230719 and eventtypeSeminar
Jun 27, 2019 5:51:10 PM Client.CustomerClient main
INFO: Reply Event booked successfully.
Jun 27, 2019 5:51:41 PM Client.CustomerClient main
INFO: Request to ottawa book event 
Jun 27, 2019 5:51:41 PM Client.CustomerClient main
INFO: Parameters passed are customerID TORC1111 eventID TORE050619 and eventtypeConference
Jun 27, 2019 5:51:41 PM Client.CustomerClient main
INFO: Reply There is no Conference corresponding to the eventID you entered.
Jun 27, 2019 6:04:04 PM Client.CustomerClient main
INFO: Request: Booking Schedule 
Jun 27, 2019 6:04:04 PM Client.CustomerClient main
INFO: Parameter: student ID: TORC1111
Jun 27, 2019 6:04:04 PM Client.CustomerClient main
INFO: Reply:[------>  Following is the booking schedule for the customer, Conferences-, 1, OTWE080619, Seminars-, 1, MTLE230719, Trade Shows-, 1, MTLA080619]
Jun 27, 2019 6:12:49 PM Client.CustomerClient main
INFO: User id entered is TORC1111
Jun 27, 2019 6:12:49 PM Client.CustomerClient main
INFO: entered as a client with IDTORC1111
Jun 27, 2019 6:13:09 PM Client.CustomerClient main
INFO: Request to ottawa book event 
Jun 27, 2019 6:13:09 PM Client.CustomerClient main
INFO: Parameters passed are customerID TORC1111 eventID OTWE080619 and eventtypeConference
Jun 27, 2019 6:13:09 PM Client.CustomerClient main
INFO: Reply Event booked successfully.
Jun 27, 2019 6:13:55 PM Client.CustomerClient main
INFO: Request to ottawa book event 
Jun 27, 2019 6:13:55 PM Client.CustomerClient main
INFO: Parameters passed are customerID TORC1111 eventID MTLA090619 and eventtypeConference
Jun 27, 2019 6:13:55 PM Client.CustomerClient main
INFO: Reply Event booked successfully.
Jun 27, 2019 6:14:30 PM Client.CustomerClient main
INFO: Request to ottawa book event 
Jun 27, 2019 6:14:30 PM Client.CustomerClient main
INFO: Parameters passed are customerID TORC1111 eventID MTLA080619 and eventtypeTradeShow
Jun 27, 2019 6:14:30 PM Client.CustomerClient main
INFO: Reply Event booked successfully.
Jun 27, 2019 6:15:01 PM Client.CustomerClient main
INFO: Request to ottawa book event 
Jun 27, 2019 6:15:01 PM Client.CustomerClient main
INFO: Parameters passed are customerID TORC1111 eventID OTWE110619 and eventtypeConference
Jun 27, 2019 6:15:01 PM Client.CustomerClient main
INFO: Reply User already registered for 3 events outside their city in 06 month.
Jun 27, 2019 6:15:25 PM Client.CustomerClient main
INFO: Request to ottawa book event 
Jun 27, 2019 6:15:25 PM Client.CustomerClient main
INFO: Parameters passed are customerID TORC1111 eventID MTLE230719 and eventtypeSeminar
Jun 27, 2019 6:15:25 PM Client.CustomerClient main
INFO: Reply Event booked successfully.
Jun 27, 2019 6:20:30 PM Client.CustomerClient main
INFO: Request: Booking Schedule 
Jun 27, 2019 6:20:30 PM Client.CustomerClient main
INFO: Parameter: student ID: TORC1111
Jun 27, 2019 6:20:30 PM Client.CustomerClient main
INFO: Reply:[------>  Following is the booking schedule for the customer, Conferences-, 1, OTWE080619, Seminars-, 1, MTLE230719, Trade Shows-, 0]
Jun 27, 2019 7:23:25 PM Client.CustomerClient main
INFO: User id entered is TORC1111
Jun 27, 2019 7:23:25 PM Client.CustomerClient main
INFO: entered as a client with IDTORC1111
Jun 27, 2019 7:23:26 PM Client.CustomerClient main
INFO: Request: Booking Schedule 
Jun 27, 2019 7:23:26 PM Client.CustomerClient main
INFO: Parameter: student ID: TORC1111
Jun 27, 2019 7:23:26 PM Client.CustomerClient main
INFO: Reply:[------>  Following is the booking schedule for the customer, Conferences-, 1, OTWE080619, Seminars-, 1, MTLE230719, Trade Shows-, 0]
Jun 27, 2019 7:37:13 PM Client.CustomerClient main
INFO: User id entered is TORC1111
Jun 27, 2019 7:37:13 PM Client.CustomerClient main
INFO: entered as a client with IDTORC1111
Jun 27, 2019 7:37:14 PM Client.CustomerClient main
INFO: Request: Booking Schedule 
Jun 27, 2019 7:37:14 PM Client.CustomerClient main
INFO: Parameter: student ID: TORC1111
Jun 27, 2019 7:37:14 PM Client.CustomerClient main
INFO: Reply:[------>  Following is the booking schedule for the customer, Conferences-, 1, OTWE080619, Seminars-, 1, MTLE230719, Trade Shows-, 0]
Jun 27, 2019 7:48:39 PM Client.CustomerClient main
INFO: User id entered is TORC1111
Jun 27, 2019 7:48:39 PM Client.CustomerClient main
INFO: entered as a client with IDTORC1111
Jun 27, 2019 7:48:40 PM Client.CustomerClient main
INFO: Request: Booking Schedule 
Jun 27, 2019 7:48:40 PM Client.CustomerClient main
INFO: Parameter: student ID: TORC1111
Jun 27, 2019 7:48:40 PM Client.CustomerClient main
INFO: Reply:[------>  Following is the booking schedule for the customer, Conferences-, 1, OTWE080619, Seminars-, 1, MTLE230719, Trade Shows-, 0]
Jun 27, 2019 9:08:54 PM Client.CustomerClient main
INFO: User id entered is TORC1111
Jun 27, 2019 9:08:54 PM Client.CustomerClient main
INFO: entered as a client with IDTORC1111
Jun 27, 2019 9:09:27 PM Client.CustomerClient main
INFO: User id entered is TORC1111
Jun 27, 2019 9:09:27 PM Client.CustomerClient main
INFO: entered as a client with IDTORC1111
Jun 28, 2019 3:48:32 AM Client.CustomerClient main
INFO: User id entered is TORC1111
Jun 28, 2019 3:48:32 AM Client.CustomerClient main
INFO: entered as a client with IDTORC1111
Jun 28, 2019 3:49:14 AM Client.CustomerClient main
INFO: Request to ottawa book event 
Jun 28, 2019 3:49:14 AM Client.CustomerClient main
INFO: Parameters passed are customerID TORC1111 eventID OTWE080619 and eventtypeConference
Jun 28, 2019 3:49:14 AM Client.CustomerClient main
INFO: Reply Event booked successfully.
Jun 28, 2019 3:49:52 AM Client.CustomerClient main
INFO: Request to ottawa book event 
Jun 28, 2019 3:49:52 AM Client.CustomerClient main
INFO: Parameters passed are customerID TORC1111 eventID MTLA090619 and eventtypeConference
Jun 28, 2019 3:49:52 AM Client.CustomerClient main
INFO: Reply Event booked successfully.
Jun 28, 2019 3:50:19 AM Client.CustomerClient main
INFO: Request to ottawa book event 
Jun 28, 2019 3:50:19 AM Client.CustomerClient main
INFO: Parameters passed are customerID TORC1111 eventID MTLA080619 and eventtypeTradeShow
Jun 28, 2019 3:50:19 AM Client.CustomerClient main
INFO: Reply Event booked successfully.
Jun 28, 2019 3:50:47 AM Client.CustomerClient main
INFO: Request to ottawa book event 
Jun 28, 2019 3:50:47 AM Client.CustomerClient main
INFO: Parameters passed are customerID TORC1111 eventID OTWE110619 and eventtypeConference
Jun 28, 2019 3:50:47 AM Client.CustomerClient main
INFO: Reply User already registered for 3 events outside their city in 06 month.
Jun 28, 2019 3:51:14 AM Client.CustomerClient main
INFO: Request to ottawa book event 
Jun 28, 2019 3:51:14 AM Client.CustomerClient main
INFO: Parameters passed are customerID TORC1111 eventID MTLE230719 and eventtypeSeminar
Jun 28, 2019 3:51:14 AM Client.CustomerClient main
INFO: Reply Event booked successfully.
Jun 28, 2019 3:51:40 AM Client.CustomerClient main
INFO: Request to ottawa book event 
Jun 28, 2019 3:51:40 AM Client.CustomerClient main
INFO: Parameters passed are customerID TORC1111 eventID TORE060619 and eventtypeConference
Jun 28, 2019 3:51:40 AM Client.CustomerClient main
INFO: Reply There is no Conference corresponding to the eventID you entered.
Jun 28, 2019 3:52:06 AM Client.CustomerClient main
INFO: Request: Remove event 
Jun 28, 2019 3:52:06 AM Client.CustomerClient main
INFO: Parameter: event ID:d, Student ID:TORC1111
Jun 28, 2019 3:52:06 AM Client.CustomerClient main
INFO: Reply EventID entered is invalid.
Jun 28, 2019 3:55:55 AM Client.CustomerClient main
INFO: Request: Booking Schedule 
Jun 28, 2019 3:55:55 AM Client.CustomerClient main
INFO: Parameter: student ID: TORC1111
Jun 28, 2019 3:55:55 AM Client.CustomerClient main
INFO: Reply:[------>  Following is the booking schedule for the customer, Conferences-, 1, OTWE080619, Seminars-, 1, MTLE230719, Trade Shows-, 0]
Jun 28, 2019 4:00:40 AM Client.CustomerClient main
INFO: Request: Booking Schedule 
Jun 28, 2019 4:00:40 AM Client.CustomerClient main
INFO: Parameter: student ID: TORC1111
Jun 28, 2019 4:00:40 AM Client.CustomerClient main
INFO: Reply:[------>  Following is the booking schedule for the customer, Conferences-, 1, OTWE080619, Seminars-, 1, MTLE230719, Trade Shows-, 0]
Jun 28, 2019 4:09:26 AM Client.CustomerClient main
INFO: User id entered is TORC1111
Jun 28, 2019 4:09:26 AM Client.CustomerClient main
INFO: entered as a client with IDTORC1111
Jun 28, 2019 4:09:55 AM Client.CustomerClient main
INFO: Request to ottawa book event 
Jun 28, 2019 4:09:55 AM Client.CustomerClient main
INFO: Parameters passed are customerID TORC1111 eventID OTWE080619 and eventtypeConference
Jun 28, 2019 4:09:55 AM Client.CustomerClient main
INFO: Reply Event booked successfully.
Jun 28, 2019 4:10:14 AM Client.CustomerClient main
INFO: Request to ottawa book event 
Jun 28, 2019 4:10:14 AM Client.CustomerClient main
INFO: Parameters passed are customerID TORC1111 eventID MTLA090619 and eventtypeConference
Jun 28, 2019 4:10:14 AM Client.CustomerClient main
INFO: Reply Event booked successfully.
Jun 28, 2019 4:10:32 AM Client.CustomerClient main
INFO: Request to ottawa book event 
Jun 28, 2019 4:10:32 AM Client.CustomerClient main
INFO: Parameters passed are customerID TORC1111 eventID MTLA080619 and eventtypeTradeShow
Jun 28, 2019 4:10:32 AM Client.CustomerClient main
INFO: Reply Event booked successfully.
Jun 28, 2019 4:10:41 AM Client.CustomerClient main
INFO: Request: Booking Schedule 
Jun 28, 2019 4:10:41 AM Client.CustomerClient main
INFO: Parameter: student ID: TORC1111
Jun 28, 2019 4:10:41 AM Client.CustomerClient main
INFO: Reply:[------>  Following is the booking schedule for the customer, Conferences-, 2, OTWE080619, MTLA090619, Seminars-, 0, Trade Shows-, 1, MTLA080619]
Jun 28, 2019 1:18:59 PM Client.CustomerClient main
INFO: User id entered is TORC1111
Jun 28, 2019 1:18:59 PM Client.CustomerClient main
INFO: entered as a client with IDTORC1111
Jun 28, 2019 1:19:01 PM Client.CustomerClient main
INFO: Request: Booking Schedule 
Jun 28, 2019 1:19:01 PM Client.CustomerClient main
INFO: Parameter: student ID: TORC1111
Jun 28, 2019 1:19:01 PM Client.CustomerClient main
INFO: Reply:[------>  Following is the booking schedule for the customer, Conferences-, 0, Seminars-, 0, Trade Shows-, 0]
Jun 28, 2019 1:19:31 PM Client.CustomerClient main
INFO: Request to ottawa book event 
Jun 28, 2019 1:19:31 PM Client.CustomerClient main
INFO: Parameters passed are customerID TORC1111 eventID OTWE080619 and eventtypeConference
Jun 28, 2019 1:19:31 PM Client.CustomerClient main
INFO: Reply Event booked successfully.
Jun 28, 2019 1:19:53 PM Client.CustomerClient main
INFO: Request to ottawa book event 
Jun 28, 2019 1:19:53 PM Client.CustomerClient main
INFO: Parameters passed are customerID TORC1111 eventID MTLA090619 and eventtypeConference
Jun 28, 2019 1:19:53 PM Client.CustomerClient main
INFO: Reply Event booked successfully.
Jun 28, 2019 1:19:57 PM Client.CustomerClient main
INFO: Request: Booking Schedule 
Jun 28, 2019 1:19:57 PM Client.CustomerClient main
INFO: Parameter: student ID: TORC1111
Jun 28, 2019 1:19:57 PM Client.CustomerClient main
INFO: Reply:[------>  Following is the booking schedule for the customer, Conferences-, 2, OTWE080619, MTLA090619, Seminars-, 0, Trade Shows-, 0]
Jun 28, 2019 2:05:40 PM Client.CustomerClient main
INFO: User id entered is TORC1111
Jun 28, 2019 2:05:40 PM Client.CustomerClient main
INFO: entered as a client with IDTORC1111
Jun 28, 2019 2:06:47 PM Client.CustomerClient main
INFO: Request: Booking Schedule 
Jun 28, 2019 2:06:47 PM Client.CustomerClient main
INFO: Parameter: student ID: TORC1111
Jun 28, 2019 2:06:47 PM Client.CustomerClient main
INFO: Reply:[------>  Following is the booking schedule for the customer, Conferences-, 1, OTWE080619, Seminars-, 1, MTLE230719, Trade Shows-, 1, MTLA080619]
Jun 28, 2019 2:08:45 PM Client.CustomerClient main
INFO: User id entered is TORC1111
Jun 28, 2019 2:08:45 PM Client.CustomerClient main
INFO: entered as a client with IDTORC1111
Jun 28, 2019 2:08:49 PM Client.CustomerClient main
INFO: Request: Booking Schedule 
Jun 28, 2019 2:08:49 PM Client.CustomerClient main
INFO: Parameter: student ID: TORC1111
Jun 28, 2019 2:08:49 PM Client.CustomerClient main
INFO: Reply:[------>  Following is the booking schedule for the customer, Conferences-, 2, OTWE080619, MTLA090619, Seminars-, 1, MTLE230719, Trade Shows-, 1, MTLA080619]
