Jun 26, 2019 2:35:51 PM Client.EventManagerClient main
INFO: User id entered is TORM6787
Jun 26, 2019 2:35:51 PM Client.EventManagerClient main
INFO: Entered as a Manager with IDTORM6787
Jun 26, 2019 2:36:01 PM Client.EventManagerClient main
INFO: Request: list eventavailability req to Toronto server 
Jun 26, 2019 2:36:01 PM Client.EventManagerClient main
INFO: Parameter:Seminar
Jun 26, 2019 2:36:01 PM Client.EventManagerClient main
INFO: Reply [There are no Seminars scheduled., No events, MTLA080619 1]
Jun 26, 2019 2:41:20 PM Client.EventManagerClient main
INFO: User id entered is TORM6787
Jun 26, 2019 2:41:20 PM Client.EventManagerClient main
INFO: Entered as a Manager with IDTORM6787
Jun 26, 2019 2:41:25 PM Client.EventManagerClient main
INFO: Request: list eventavailability req to Toronto server 
Jun 26, 2019 2:41:25 PM Client.EventManagerClient main
INFO: Parameter:Seminar
Jun 26, 2019 2:41:25 PM Client.EventManagerClient main
INFO: Reply [Invalid, No events, MTLE230719 1]
Jun 26, 2019 2:46:00 PM Client.EventManagerClient main
INFO: User id entered is TORM6787
Jun 26, 2019 2:46:00 PM Client.EventManagerClient main
INFO: Entered as a Manager with IDTORM6787
Jun 26, 2019 2:46:05 PM Client.EventManagerClient main
INFO: Request: list eventavailability req to Toronto server 
Jun 26, 2019 2:46:05 PM Client.EventManagerClient main
INFO: Parameter:Seminar
Jun 26, 2019 2:46:05 PM Client.EventManagerClient main
INFO: Reply [Invalid, MTLE230719 1]
Jun 27, 2019 5:13:17 PM Client.EventManagerClient main
INFO: User id entered is TORM6787
Jun 27, 2019 5:13:17 PM Client.EventManagerClient main
INFO: Entered as a Manager with IDTORM6787
Jun 27, 2019 5:13:22 PM Client.EventManagerClient main
INFO: Request: list eventavailability req to Toronto server 
Jun 27, 2019 5:13:22 PM Client.EventManagerClient main
INFO: Parameter:Seminar
Jun 27, 2019 5:13:22 PM Client.EventManagerClient main
INFO: Reply [MTLE230719 1]
Jun 27, 2019 5:15:34 PM Client.EventManagerClient main
INFO: User id entered is TORM6787
Jun 27, 2019 5:15:34 PM Client.EventManagerClient main
INFO: Entered as a Manager with IDTORM6787
Jun 27, 2019 5:15:38 PM Client.EventManagerClient main
INFO: Request: list eventavailability req to Toronto server 
Jun 27, 2019 5:15:38 PM Client.EventManagerClient main
INFO: Parameter:Conference
Jun 27, 2019 5:15:38 PM Client.EventManagerClient main
INFO: Reply [OTWE110619 1, OTWE080619 1, MTLA090619 2]
Jun 27, 2019 5:16:08 PM Client.EventManagerClient main
INFO: User id entered is TORM6787
Jun 27, 2019 5:16:08 PM Client.EventManagerClient main
INFO: Entered as a Manager with IDTORM6787
Jun 27, 2019 5:16:12 PM Client.EventManagerClient main
INFO: Request: list eventavailability req to Toronto server 
Jun 27, 2019 5:16:12 PM Client.EventManagerClient main
INFO: Parameter:Conference
Jun 27, 2019 5:16:12 PM Client.EventManagerClient main
INFO: Reply [OTWE110619 1, OTWE080619 1, MTLA090619 2]
Jun 27, 2019 5:16:49 PM Client.EventManagerClient main
INFO: Request: list eventavailability req to Toronto server 
Jun 27, 2019 5:16:49 PM Client.EventManagerClient main
INFO: Parameter:Seminar
Jun 27, 2019 5:16:49 PM Client.EventManagerClient main
INFO: Reply [MTLE230719 1]
Jun 27, 2019 5:17:03 PM Client.EventManagerClient main
INFO: Request: list eventavailability req to Toronto server 
Jun 27, 2019 5:17:03 PM Client.EventManagerClient main
INFO: Parameter:TradeShow
Jun 27, 2019 5:17:03 PM Client.EventManagerClient main
INFO: Reply [MTLA080619 2]
