Jun 13, 2019 12:28:58 AM Client.EventManagerClient main
INFO: User id entered is TORM6785
Jun 13, 2019 12:28:58 AM Client.EventManagerClient main
INFO: Entered as a Manager with IDTORM6785
Jun 13, 2019 12:29:08 AM Client.EventManagerClient main
INFO: Request: list eventavailability req to Toronto server 
Jun 13, 2019 12:29:08 AM Client.EventManagerClient main
INFO: Parameter:Seminar
Jun 13, 2019 12:38:01 AM Client.EventManagerClient main
INFO: User id entered is TORM6785
Jun 13, 2019 12:38:01 AM Client.EventManagerClient main
INFO: Entered as a Manager with IDTORM6785
Jun 13, 2019 12:38:05 AM Client.EventManagerClient main
INFO: Request: list eventavailability req to Toronto server 
Jun 13, 2019 12:38:05 AM Client.EventManagerClient main
INFO: Parameter:Seminar
Jun 13, 2019 12:38:05 AM Client.EventManagerClient main
INFO: Reply [There are no Seminars scheduled., No events, MTLE230719 1]
Jun 13, 2019 12:38:26 AM Client.EventManagerClient main
INFO: Request: list eventavailability req to Toronto server 
Jun 13, 2019 12:38:26 AM Client.EventManagerClient main
INFO: Parameter:TradeSHow
Jun 13, 2019 12:38:26 AM Client.EventManagerClient main
INFO: Reply [There are no TradeSHows scheduled.]
Jun 13, 2019 12:38:47 AM Client.EventManagerClient main
INFO: Request: list eventavailability req to Toronto server 
Jun 13, 2019 12:38:47 AM Client.EventManagerClient main
INFO: Parameter:TradeShow
Jun 13, 2019 12:38:47 AM Client.EventManagerClient main
INFO: Reply [There are no TradeShows scheduled., No events, MTLA080619 2]
Jun 13, 2019 12:41:03 AM Client.EventManagerClient main
INFO: Request: list eventavailability req to Toronto server 
Jun 13, 2019 12:41:03 AM Client.EventManagerClient main
INFO: Parameter:Conference
Jun 13, 2019 12:41:03 AM Client.EventManagerClient main
INFO: Reply [There are no Conferences scheduled., OTWE110619 1, OTWE080619 1, MTLA090619 2]
Jun 15, 2019 5:57:03 PM Client.EventManagerClient main
INFO: User id entered is TORM6785
Jun 15, 2019 5:57:03 PM Client.EventManagerClient main
INFO: Entered as a Manager with IDTORM6785
Jun 15, 2019 5:57:10 PM Client.EventManagerClient main
INFO: Request: list eventavailability req to Toronto server 
Jun 15, 2019 5:57:10 PM Client.EventManagerClient main
INFO: Parameter:Seminar
Jun 15, 2019 5:57:10 PM Client.EventManagerClient main
INFO: Reply [There are no Seminars scheduled., No events, MTLE230719 1]
Jun 15, 2019 5:57:30 PM Client.EventManagerClient main
INFO: Request: list eventavailability req to Toronto server 
Jun 15, 2019 5:57:30 PM Client.EventManagerClient main
INFO: Parameter:Conference
Jun 15, 2019 5:57:30 PM Client.EventManagerClient main
INFO: Reply [There are no Conferences scheduled., OTWE110619 1, OTWE080619 1, MTLA090619 2]
Jun 15, 2019 5:57:47 PM Client.EventManagerClient main
INFO: Request: list eventavailability req to Toronto server 
Jun 15, 2019 5:57:47 PM Client.EventManagerClient main
INFO: Parameter:TradeShow
Jun 15, 2019 5:57:47 PM Client.EventManagerClient main
INFO: Reply [There are no TradeShows scheduled., No events, MTLA080619 2]
Jun 27, 2019 5:59:42 PM Client.EventManagerClient main
INFO: User id entered is TORM6785
Jun 27, 2019 5:59:42 PM Client.EventManagerClient main
INFO: Entered as a Manager with IDTORM6785
Jun 27, 2019 6:01:02 PM Client.EventManagerClient main
INFO: Request: Remove event 
Jun 27, 2019 6:01:02 PM Client.EventManagerClient main
INFO: Parameter: event ID:MTLA090619, Student ID:TORC1111
Jun 27, 2019 6:01:02 PM Client.EventManagerClient main
INFO: Reply Customer has been removed from this event.
Jun 27, 2019 6:16:08 PM Client.EventManagerClient main
INFO: User id entered is TORM6785
Jun 27, 2019 6:16:08 PM Client.EventManagerClient main
INFO: Entered as a Manager with IDTORM6785
Jun 27, 2019 6:17:08 PM Client.EventManagerClient main
INFO: Request: Remove event 
Jun 27, 2019 6:17:08 PM Client.EventManagerClient main
INFO: Parameter: event ID:MTLA090619, Student ID:TORC1111
Jun 27, 2019 6:17:08 PM Client.EventManagerClient main
INFO: Reply Customer has been removed from this event.
